<?xml version="1.0" encoding="utf-8"?><testsuites name="pytest tests"><testsuite name="pytest" errors="0" failures="0" skipped="0" tests="12" time="1.541" timestamp="2026-09-14T12:03:30.256912+00:00" hostname="agent-env-5bfb7f02-b9a7-4cc9-89f1-192ef1802c7a"><testcase classname="tests.backend_test.TestSearch" name="test_list_all" time="0.351" /><testcase classname="tests.backend_test.TestCreate" name="test_create_l1_and_verify" time="0.439" /><testcase classname="tests.backend_test.TestSearch" name="test_filter_by_name" time="0.071" /><testcase classname="tests.backend_test.TestSearch" name="test_filter_by_level" time="0.079" /><testcase classname="tests.backend_test.TestCreate" name="test_create_l2" time="0.089" /><testcase classname="tests.backend_test.TestSearch" name="test_filter_by_country_industry_status" time="0.077" /><testcase classname="tests.backend_test.TestCreate" name="test_create_l3_rejected" time="0.088" /><testcase classname="tests.backend_test.TestSearch" name="test_filter_by_relationshipId" time="0.079" /><testcase classname="tests.backend_test.TestCreate" name="test_create_l4_rejected" time="0.091" /><testcase classname="tests.backend_test.TestGetById" name="test_get_valid" time="0.183" /><testcase classname="tests.backend_test.TestMetadata" name="test_metadata_shape" time="0.089" /><testcase classname="tests.backend_test.TestGetById" name="test_get_missing" time="0.071" /></testsuite></testsuites>