<?xml version="1.0" encoding="utf-8"?><testsuites name="pytest tests"><testsuite name="pytest" errors="0" failures="0" skipped="0" tests="17" time="2.019" timestamp="2026-09-14T12:15:03.241535+00:00" hostname="agent-env-5bfb7f02-b9a7-4cc9-89f1-192ef1802c7a"><testcase classname="tests.backend_test.TestCreate" name="test_create_l1_and_verify" time="0.479" /><testcase classname="tests.backend_test.TestSearch" name="test_list_all" time="0.389" /><testcase classname="tests.backend_test.TestSearch" name="test_filter_by_name" time="0.082" /><testcase classname="tests.backend_test.TestSearch" name="test_filter_by_level" time="0.069" /><testcase classname="tests.backend_test.TestCreate" name="test_create_l2" time="0.112" /><testcase classname="tests.backend_test.TestSearch" name="test_filter_by_country_industry_status" time="0.066" /><testcase classname="tests.backend_test.TestCreate" name="test_create_l3_rejected" time="0.091" /><testcase classname="tests.backend_test.TestSearch" name="test_filter_by_relationshipId" time="0.110" /><testcase classname="tests.backend_test.TestCreate" name="test_create_l4_rejected" time="0.123" /><testcase classname="tests.backend_test.TestGetById" name="test_get_valid" time="0.166" /><testcase classname="tests.test_hierarchy_and_scaffold.TestHierarchy" name="test_l4_returns_full_rollup" time="0.275" /><testcase classname="tests.backend_test.TestGetById" name="test_get_missing" time="0.114" /><testcase classname="tests.test_hierarchy_and_scaffold.TestHierarchy" name="test_l3_returns_root_and_focus_flag" time="0.161" /><testcase classname="tests.backend_test.TestMetadata" name="test_metadata_shape" time="0.116" /><testcase classname="tests.test_hierarchy_and_scaffold.TestHierarchy" name="test_l1_returns_itself_as_root" time="0.144" /><testcase classname="tests.test_hierarchy_and_scaffold.TestScaffoldDownload" name="test_download_zip" time="0.181" /><testcase classname="tests.test_hierarchy_and_scaffold.TestHierarchy" name="test_missing_id_returns_404" time="0.144" /></testsuite></testsuites>